  0%|          | 0/1615250 [00:00<?, ?it/s]  1%|          | 11536/1615250 [00:00<00:14, 111833.89it/s]  1%|          | 15392/1615250 [00:00<00:22, 71207.06it/s]   2%|▏         | 24624/1615250 [00:00<00:20, 76416.15it/s]  2%|▏         | 29842/1615250 [00:00<00:39, 40264.09it/s]  2%|▏         | 34069/1615250 [00:01<02:11, 12050.16it/s]  2%|▏         | 37165/1615250 [00:02<03:26, 7645.52it/s]   2%|▏         | 39456/1615250 [00:02<04:33, 5771.72it/s]  3%|▎         | 41170/1615250 [00:03<05:26, 4814.35it/s]  3%|▎         | 42474/1615250 [00:03<05:58, 4390.08it/s]  3%|▎         | 43496/1615250 [00:03<05:49, 4499.18it/s]  3%|▎         | 44355/1615250 [00:04<07:04, 3698.98it/s]  3%|▎         | 45035/1615250 [00:04<06:32, 4003.75it/s]  3%|▎         | 45660/1615250 [00:04<06:50, 3823.60it/s]  3%|▎         | 46201/1615250 [00:04<06:28, 4038.53it/s]  3%|▎         | 46736/1615250 [00:04<06:46, 3863.15it/s]  3%|▎         | 47376/1615250 [00:04<06:02, 4325.98it/s]  3%|▎         | 48016/1615250 [00:05<05:30, 4747.42it/s]  3%|▎         | 48976/1615250 [00:05<04:57, 5256.89it/s]  3%|▎         | 50896/1615250 [00:05<03:53, 6712.01it/s]  3%|▎         | 51877/1615250 [00:05<04:09, 6275.53it/s]  3%|▎         | 52727/1615250 [00:05<04:03, 6419.17it/s]  3%|▎         | 53526/1615250 [00:05<05:03, 5144.52it/s]  3%|▎         | 54191/1615250 [00:06<06:16, 4146.97it/s]  3%|▎         | 54742/1615250 [00:06<09:44, 2671.27it/s]  3%|▎         | 55172/1615250 [00:06<09:48, 2651.75it/s]  3%|▎         | 55551/1615250 [00:06<10:30, 2472.98it/s]  3%|▎         | 55881/1615250 [00:06<10:14, 2538.93it/s]  3%|▎         | 56193/1615250 [00:07<10:51, 2393.34it/s]  3%|▎         | 56475/1615250 [00:07<12:27, 2083.95it/s]  4%|▎         | 56721/1615250 [00:07<13:54, 1866.89it/s]  4%|▎         | 56976/1615250 [00:07<15:53, 1634.22it/s]  4%|▎         | 57296/1615250 [00:07<14:35, 1779.04it/s]  4%|▎         | 57616/1615250 [00:07<13:43, 1892.47it/s]  4%|▎         | 57936/1615250 [00:08<12:42, 2041.30it/s]  4%|▎         | 58256/1615250 [00:08<13:14, 1958.68it/s]  4%|▎         | 58576/1615250 [00:08<12:42, 2041.85it/s]  4%|▎         | 58896/1615250 [00:08<11:50, 2190.08it/s]  4%|▎         | 59216/1615250 [00:08<13:42, 1892.70it/s]  4%|▎         | 59536/1615250 [00:08<14:22, 1803.11it/s]  4%|▎         | 59856/1615250 [00:09<13:32, 1914.95it/s]  4%|▎         | 60176/1615250 [00:09<14:09, 1831.57it/s]  4%|▎         | 60496/1615250 [00:09<15:08, 1711.57it/s]  4%|▍         | 60816/1615250 [00:09<16:08, 1604.35it/s]  4%|▍         | 61136/1615250 [00:09<15:14, 1699.82it/s]  4%|▍         | 61456/1615250 [00:09<13:55, 1859.49it/s]  4%|▍         | 61776/1615250 [00:10<15:13, 1700.51it/s]  4%|▍         | 62096/1615250 [00:10<14:57, 1730.91it/s]  4%|▍         | 62416/1615250 [00:10<14:17, 1811.54it/s]  4%|▍         | 62736/1615250 [00:10<15:49, 1635.60it/s]  4%|▍         | 63056/1615250 [00:10<15:27, 1673.99it/s]  4%|▍         | 63376/1615250 [00:11<14:38, 1766.26it/s]  4%|▍         | 63696/1615250 [00:11<15:00, 1722.37it/s]  4%|▍         | 64016/1615250 [00:11<15:03, 1717.80it/s]  4%|▍         | 64336/1615250 [00:11<15:13, 1697.94it/s]  4%|▍         | 64656/1615250 [00:11<14:41, 1759.57it/s]  4%|▍         | 64976/1615250 [00:12<14:44, 1753.17it/s]  4%|▍         | 65296/1615250 [00:12<14:40, 1759.93it/s]  4%|▍         | 65616/1615250 [00:12<13:07, 1967.67it/s]  4%|▍         | 65936/1615250 [00:12<13:37, 1894.84it/s]  4%|▍         | 66256/1615250 [00:12<14:14, 1812.61it/s]  4%|▍         | 66576/1615250 [00:12<13:15, 1947.67it/s]  4%|▍         | 66896/1615250 [00:12<13:03, 1975.30it/s]  4%|▍         | 67216/1615250 [00:13<12:02, 2143.49it/s]  4%|▍         | 67536/1615250 [00:13<11:49, 2181.60it/s]  4%|▍         | 67856/1615250 [00:13<11:03, 2331.20it/s]  4%|▍         | 68176/1615250 [00:13<11:19, 2277.33it/s]  4%|▍         | 68496/1615250 [00:13<11:39, 2209.98it/s]  4%|▍         | 68816/1615250 [00:13<11:13, 2295.55it/s]  4%|▍         | 69136/1615250 [00:13<10:54, 2362.88it/s]  4%|▍         | 69456/1615250 [00:14<10:11, 2527.56it/s]  4%|▍         | 69776/1615250 [00:14<09:37, 2675.04it/s]  4%|▍         | 70096/1615250 [00:14<09:10, 2804.63it/s]  4%|▍         | 70416/1615250 [00:14<14:34, 1766.29it/s]  4%|▍         | 70736/1615250 [00:14<13:10, 1954.06it/s]  4%|▍         | 71376/1615250 [00:14<11:31, 2231.56it/s]  4%|▍         | 72016/1615250 [00:14<09:26, 2724.21it/s]  5%|▍         | 73296/1615250 [00:15<07:12, 3563.43it/s]  5%|▍         | 74256/1615250 [00:15<06:22, 4028.64it/s]  5%|▍         | 74896/1615250 [00:15<06:36, 3888.24it/s]  5%|▍         | 75434/1615250 [00:15<06:26, 3984.21it/s]  5%|▍         | 75938/1615250 [00:15<08:20, 3073.71it/s]  5%|▍         | 76351/1615250 [00:15<08:28, 3026.61it/s]  5%|▍         | 76728/1615250 [00:16<08:20, 3071.56it/s]  5%|▍         | 77087/1615250 [00:16<09:26, 2713.40it/s]  5%|▍         | 77403/1615250 [00:16<10:39, 2404.18it/s]  5%|▍         | 77681/1615250 [00:16<11:16, 2272.42it/s]  5%|▍         | 77936/1615250 [00:16<13:18, 1925.80it/s]  5%|▍         | 78157/1615250 [00:16<18:01, 1421.63it/s]  5%|▍         | 78416/1615250 [00:17<18:24, 1391.54it/s]  5%|▍         | 78736/1615250 [00:17<18:47, 1362.94it/s]  5%|▍         | 79056/1615250 [00:17<17:25, 1469.26it/s]  5%|▍         | 79376/1615250 [00:17<16:22, 1563.95it/s]  5%|▍         | 79696/1615250 [00:18<16:59, 1506.16it/s]  5%|▍         | 80016/1615250 [00:18<17:13, 1486.16it/s]  5%|▍         | 80336/1615250 [00:18<18:34, 1377.46it/s]  5%|▍         | 80656/1615250 [00:18<19:07, 1337.70it/s]  5%|▌         | 80976/1615250 [00:19<19:55, 1283.49it/s]  5%|▌         | 81296/1615250 [00:19<19:29, 1312.10it/s]  5%|▌         | 81616/1615250 [00:19<17:30, 1459.43it/s]  5%|▌         | 81936/1615250 [00:19<18:04, 1413.79it/s]  5%|▌         | 82256/1615250 [00:19<18:44, 1363.50it/s]  5%|▌         | 82576/1615250 [00:20<18:42, 1365.71it/s]  5%|▌         | 82896/1615250 [00:20<19:52, 1285.06it/s]  5%|▌         | 83216/1615250 [00:20<20:34, 1241.32it/s]  5%|▌         | 83536/1615250 [00:20<21:01, 1214.14it/s]  5%|▌         | 83856/1615250 [00:21<19:32, 1306.10it/s]  5%|▌         | 84176/1615250 [00:21<20:07, 1268.47it/s]  5%|▌         | 84496/1615250 [00:21<21:07, 1207.80it/s]  5%|▌         | 84816/1615250 [00:22<23:28, 1086.55it/s]  5%|▌         | 85136/1615250 [00:22<21:51, 1166.44it/s]  5%|▌         | 85456/1615250 [00:22<22:02, 1157.04it/s]  5%|▌         | 85776/1615250 [00:22<21:15, 1199.38it/s]  5%|▌         | 86096/1615250 [00:23<20:55, 1217.95it/s]  5%|▌         | 86416/1615250 [00:23<21:15, 1198.25it/s]  5%|▌         | 86736/1615250 [00:23<20:14, 1258.33it/s]  5%|▌         | 87056/1615250 [00:23<22:09, 1149.71it/s]  5%|▌         | 87376/1615250 [00:24<21:47, 1168.27it/s]  5%|▌         | 87696/1615250 [00:24<20:54, 1217.71it/s]  5%|▌         | 88016/1615250 [00:24<22:16, 1142.51it/s]  5%|▌         | 88336/1615250 [00:24<20:03, 1268.84it/s]  5%|▌         | 88656/1615250 [00:25<20:20, 1251.07it/s]  6%|▌         | 88976/1615250 [00:25<27:47, 915.26it/s]   6%|▌         | 89296/1615250 [00:26<24:52, 1022.35it/s]  6%|▌         | 89616/1615250 [00:26<22:46, 1116.17it/s]  6%|▌         | 89936/1615250 [00:26<22:42, 1119.33it/s]  6%|▌         | 90256/1615250 [00:26<20:05, 1265.24it/s]  6%|▌         | 90576/1615250 [00:26<19:25, 1308.53it/s]  6%|▌         | 90896/1615250 [00:27<19:16, 1317.55it/s]  6%|▌         | 91216/1615250 [00:27<19:18, 1315.71it/s]  6%|▌         | 91536/1615250 [00:27<18:16, 1389.81it/s]  6%|▌         | 91856/1615250 [00:27<16:41, 1520.97it/s]  6%|▌         | 92176/1615250 [00:27<15:58, 1588.36it/s]  6%|▌         | 92496/1615250 [00:28<16:17, 1557.10it/s]  6%|▌         | 92816/1615250 [00:28<14:19, 1770.45it/s]  6%|▌         | 93136/1615250 [00:28<15:02, 1687.24it/s]  6%|▌         | 93456/1615250 [00:28<13:39, 1856.07it/s]  6%|▌         | 93776/1615250 [00:28<12:15, 2069.95it/s]  6%|▌         | 94096/1615250 [00:28<11:27, 2211.64it/s]  6%|▌         | 94736/1615250 [00:29<10:12, 2481.21it/s]  6%|▌         | 95376/1615250 [00:29<08:23, 3020.89it/s]  6%|▌         | 96656/1615250 [00:29<06:35, 3840.27it/s]  6%|▌         | 97296/1615250 [00:29<06:38, 3806.93it/s]  6%|▌         | 97810/1615250 [00:29<06:26, 3921.86it/s]  6%|▌         | 98297/1615250 [00:29<08:54, 2836.90it/s]  6%|▌         | 98690/1615250 [00:30<10:32, 2398.89it/s]  6%|▌         | 99018/1615250 [00:30<10:16, 2458.83it/s]  6%|▌         | 99326/1615250 [00:30<12:16, 2057.52it/s]  6%|▌         | 99586/1615250 [00:30<14:09, 1784.34it/s]  6%|▌         | 99856/1615250 [00:30<16:36, 1520.01it/s]  6%|▌         | 100176/1615250 [00:31<17:52, 1412.37it/s]  6%|▌         | 100496/1615250 [00:31<18:05, 1394.96it/s]  6%|▌         | 100816/1615250 [00:31<18:32, 1361.80it/s]  6%|▋         | 101136/1615250 [00:31<20:22, 1238.41it/s]  6%|▋         | 101456/1615250 [00:32<20:35, 1225.53it/s]  6%|▋         | 101776/1615250 [00:32<21:21, 1181.48it/s]  6%|▋         | 102096/1615250 [00:32<21:49, 1155.41it/s]  6%|▋         | 102416/1615250 [00:33<22:40, 1111.77it/s]  6%|▋         | 102736/1615250 [00:33<22:56, 1098.49it/s]  6%|▋         | 103056/1615250 [00:33<21:51, 1152.71it/s]  6%|▋         | 103376/1615250 [00:33<23:39, 1065.06it/s]  6%|▋         | 103696/1615250 [00:34<25:39, 981.55it/s]   6%|▋         | 104016/1615250 [00:34<23:44, 1060.53it/s]  6%|▋         | 104336/1615250 [00:34<23:08, 1088.37it/s]  6%|▋         | 104656/1615250 [00:35<23:37, 1065.77it/s]  6%|▋         | 104976/1615250 [00:35<22:15, 1130.54it/s]  7%|▋         | 105296/1615250 [00:35<23:00, 1093.72it/s]  7%|▋         | 105616/1615250 [00:36<25:03, 1004.31it/s]  7%|▋         | 105936/1615250 [00:36<26:13, 959.26it/s]   7%|▋         | 106256/1615250 [00:36<25:57, 968.81it/s]  7%|▋         | 106576/1615250 [00:37<29:10, 861.79it/s]  7%|▋         | 106896/1615250 [00:37<27:09, 925.68it/s]  7%|▋         | 107216/1615250 [00:37<26:58, 931.90it/s]  7%|▋         | 107536/1615250 [00:38<26:05, 962.80it/s]  7%|▋         | 107856/1615250 [00:38<25:23, 989.45it/s]  7%|▋         | 108176/1615250 [00:38<25:15, 994.36it/s]  7%|▋         | 108496/1615250 [00:39<24:55, 1007.65it/s]  7%|▋         | 108816/1615250 [00:39<24:47, 1012.80it/s]  7%|▋         | 109136/1615250 [00:39<24:40, 1017.32it/s]  7%|▋         | 109456/1615250 [00:40<25:23, 988.16it/s]   7%|▋         | 109776/1615250 [00:40<23:56, 1048.12it/s]  7%|▋         | 110096/1615250 [00:40<23:36, 1062.70it/s]  7%|▋         | 110416/1615250 [00:40<22:12, 1129.41it/s]  7%|▋         | 110736/1615250 [00:41<36:59, 677.72it/s]   7%|▋         | 111056/1615250 [00:42<32:25, 773.10it/s]  7%|▋         | 111376/1615250 [00:42<29:59, 835.79it/s]  7%|▋         | 111696/1615250 [00:42<29:54, 837.92it/s]  7%|▋         | 112016/1615250 [00:43<28:19, 884.41it/s]  7%|▋         | 112336/1615250 [00:43<25:31, 981.11it/s]  7%|▋         | 112656/1615250 [00:43<22:59, 1089.25it/s]  7%|▋         | 112976/1615250 [00:43<22:14, 1125.78it/s]  7%|▋         | 113296/1615250 [00:44<23:46, 1053.01it/s]  7%|▋         | 113616/1615250 [00:44<22:51, 1094.91it/s]  7%|▋         | 113936/1615250 [00:44<22:09, 1129.47it/s]  7%|▋         | 114256/1615250 [00:44<21:17, 1175.34it/s]  7%|▋         | 114576/1615250 [00:45<20:00, 1250.15it/s]  7%|▋         | 114896/1615250 [00:45<18:42, 1336.88it/s]  7%|▋         | 115216/1615250 [00:45<18:44, 1333.71it/s]  7%|▋         | 115536/1615250 [00:45<18:08, 1377.77it/s]  7%|▋         | 115856/1615250 [00:46<16:32, 1511.48it/s]  7%|▋         | 116176/1615250 [00:46<16:20, 1528.54it/s]  7%|▋         | 116496/1615250 [00:46<15:46, 1583.99it/s]  7%|▋         | 116816/1615250 [00:46<14:19, 1743.28it/s]  7%|▋         | 117136/1615250 [00:46<14:10, 1762.04it/s]  7%|▋         | 117776/1615250 [00:46<11:45, 2121.49it/s]  7%|▋         | 118416/1615250 [00:46<09:38, 2589.67it/s]  7%|▋         | 119696/1615250 [00:47<07:52, 3167.29it/s]  7%|▋         | 120128/1615250 [00:47<07:48, 3193.31it/s]  7%|▋         | 120529/1615250 [00:47<07:45, 3209.09it/s]  7%|▋         | 120907/1615250 [00:47<08:33, 2908.45it/s]  8%|▊         | 121243/1615250 [00:47<10:42, 2324.23it/s]  8%|▊         | 121526/1615250 [00:48<13:49, 1800.04it/s]  8%|▊         | 121760/1615250 [00:48<17:57, 1386.21it/s]  8%|▊         | 121951/1615250 [00:48<20:13, 1230.76it/s]  8%|▊         | 122256/1615250 [00:48<19:18, 1288.87it/s]  8%|▊         | 122576/1615250 [00:48<19:56, 1247.94it/s]  8%|▊         | 122896/1615250 [00:49<23:07, 1075.24it/s]  8%|▊         | 123216/1615250 [00:49<24:19, 1022.62it/s]  8%|▊         | 123536/1615250 [00:49<21:48, 1139.93it/s]  8%|▊         | 123856/1615250 [00:50<23:46, 1045.41it/s]  8%|▊         | 124176/1615250 [00:50<24:50, 1000.49it/s]  8%|▊         | 124496/1615250 [00:50<24:14, 1024.59it/s]  8%|▊         | 124816/1615250 [00:51<27:30, 902.76it/s]   8%|▊         | 125136/1615250 [00:51<27:44, 895.15it/s]  8%|▊         | 125456/1615250 [00:52<25:16, 982.14it/s]  8%|▊         | 125776/1615250 [00:52<30:20, 818.16it/s]  8%|▊         | 126096/1615250 [00:52<28:17, 877.30it/s]  8%|▊         | 126416/1615250 [00:53<31:19, 791.99it/s]  8%|▊         | 126736/1615250 [00:53<31:04, 798.18it/s]  8%|▊         | 127056/1615250 [00:54<31:22, 790.66it/s]  8%|▊         | 127376/1615250 [00:54<31:42, 782.07it/s]  8%|▊         | 127696/1615250 [00:54<30:46, 805.49it/s]  8%|▊         | 128016/1615250 [00:55<30:33, 811.17it/s]  8%|▊         | 128336/1615250 [00:55<32:52, 753.98it/s]  8%|▊         | 128656/1615250 [00:56<33:32, 738.66it/s]  8%|▊         | 128976/1615250 [00:56<30:39, 808.01it/s]  8%|▊         | 129296/1615250 [00:56<29:28, 840.17it/s]  8%|▊         | 129616/1615250 [00:57<30:59, 798.82it/s]  8%|▊         | 129936/1615250 [00:57<32:16, 766.99it/s]  8%|▊         | 130256/1615250 [00:58<33:26, 740.20it/s]  8%|▊         | 130576/1615250 [00:58<32:21, 764.80it/s]  8%|▊         | 130896/1615250 [00:59<31:34, 783.51it/s]  8%|▊         | 131216/1615250 [00:59<31:55, 774.64it/s]  8%|▊         | 131536/1615250 [00:59<32:02, 771.75it/s]  8%|▊         | 131856/1615250 [01:00<35:54, 688.51it/s]  8%|▊         | 132176/1615250 [01:00<33:28, 738.46it/s]  8%|▊         | 132496/1615250 [01:01<32:52, 751.64it/s]  8%|▊         | 132816/1615250 [01:01<32:46, 753.74it/s]  8%|▊         | 133136/1615250 [01:02<30:23, 812.69it/s]  8%|▊         | 133456/1615250 [01:02<32:40, 755.90it/s]  8%|▊         | 133776/1615250 [01:02<29:59, 823.21it/s]  8%|▊         | 134096/1615250 [01:03<29:19, 841.86it/s]  8%|▊         | 134416/1615250 [01:03<33:00, 747.54it/s]  8%|▊         | 134736/1615250 [01:04<32:49, 751.82it/s]  8%|▊         | 135056/1615250 [01:04<33:42, 731.81it/s]  8%|▊         | 135376/1615250 [01:04<30:52, 798.76it/s]  8%|▊         | 135696/1615250 [01:05<29:23, 839.04it/s]  8%|▊         | 136016/1615250 [01:06<45:05, 546.82it/s]  8%|▊         | 136336/1615250 [01:06<37:04, 664.77it/s]  8%|▊         | 136656/1615250 [01:06<32:53, 749.41it/s]  8%|▊         | 136976/1615250 [01:07<31:55, 771.69it/s]  8%|▊         | 137296/1615250 [01:07<29:07, 845.86it/s]  9%|▊         | 137616/1615250 [01:07<26:36, 925.49it/s]  9%|▊         | 137936/1615250 [01:08<23:29, 1048.24it/s]  9%|▊         | 138256/1615250 [01:08<23:16, 1057.89it/s]  9%|▊         | 138576/1615250 [01:08<22:47, 1080.14it/s]  9%|▊         | 138896/1615250 [01:08<21:17, 1155.98it/s]  9%|▊         | 139216/1615250 [01:09<19:28, 1262.75it/s]  9%|▊         | 139536/1615250 [01:09<17:36, 1397.42it/s]  9%|▊         | 139856/1615250 [01:09<16:03, 1530.72it/s]  9%|▊         | 140176/1615250 [01:09<15:02, 1634.66it/s]  9%|▊         | 140816/1615250 [01:09<12:33, 1957.80it/s]  9%|▉         | 142096/1615250 [01:09<09:35, 2560.82it/s]  9%|▉         | 142736/1615250 [01:10<09:06, 2696.51it/s]  9%|▉         | 143133/1615250 [01:10<08:42, 2816.05it/s]  9%|▉         | 143505/1615250 [01:10<10:07, 2421.40it/s]  9%|▉         | 143820/1615250 [01:10<12:49, 1910.95it/s]  9%|▉         | 144079/1615250 [01:10<15:24, 1592.06it/s]  9%|▉         | 144336/1615250 [01:11<16:19, 1501.75it/s]  9%|▉         | 144656/1615250 [01:11<19:41, 1244.37it/s]  9%|▉         | 144976/1615250 [01:11<23:52, 1026.18it/s]  9%|▉         | 145296/1615250 [01:12<22:09, 1105.63it/s]  9%|▉         | 145616/1615250 [01:12<24:12, 1011.59it/s]  9%|▉         | 145936/1615250 [01:12<28:01, 873.61it/s]   9%|▉         | 146256/1615250 [01:13<27:01, 905.73it/s]  9%|▉         | 146576/1615250 [01:13<26:53, 910.04it/s]  9%|▉         | 146896/1615250 [01:13<27:28, 890.94it/s]  9%|▉         | 147216/1615250 [01:14<29:10, 838.56it/s]  9%|▉         | 147536/1615250 [01:14<30:36, 799.36it/s]  9%|▉         | 147856/1615250 [01:15<30:36, 799.04it/s]  9%|▉         | 148176/1615250 [01:15<31:34, 774.29it/s]  9%|▉         | 148496/1615250 [01:16<32:24, 754.36it/s]  9%|▉         | 148816/1615250 [01:16<33:10, 736.57it/s]  9%|▉         | 149136/1615250 [01:16<31:39, 771.75it/s]  9%|▉         | 149456/1615250 [01:17<29:17, 833.88it/s]  9%|▉         | 149776/1615250 [01:17<30:01, 813.45it/s]  9%|▉         | 150096/1615250 [01:18<33:02, 738.87it/s]  9%|▉         | 150416/1615250 [01:18<33:01, 739.26it/s]  9%|▉         | 150736/1615250 [01:19<33:10, 735.63it/s]  9%|▉         | 151056/1615250 [01:19<32:45, 744.96it/s]  9%|▉         | 151376/1615250 [01:20<33:52, 720.40it/s]  9%|▉         | 151696/1615250 [01:20<34:36, 704.72it/s]  9%|▉         | 152016/1615250 [01:21<36:27, 668.88it/s]  9%|▉         | 152336/1615250 [01:21<33:49, 720.70it/s]  9%|▉         | 152656/1615250 [01:21<35:38, 683.98it/s]  9%|▉         | 152976/1615250 [01:22<37:26, 650.88it/s]  9%|▉         | 153296/1615250 [01:22<37:10, 655.54it/s] 10%|▉         | 153616/1615250 [01:23<35:47, 680.68it/s] 10%|▉         | 153936/1615250 [01:23<36:55, 659.63it/s] 10%|▉         | 154256/1615250 [01:24<35:30, 685.62it/s] 10%|▉         | 154576/1615250 [01:24<37:13, 653.88it/s] 10%|▉         | 154896/1615250 [01:25<37:57, 641.16it/s] 10%|▉         | 155216/1615250 [01:25<38:09, 637.74it/s] 10%|▉         | 155536/1615250 [01:26<36:51, 660.08it/s] 10%|▉         | 155856/1615250 [01:26<36:23, 668.26it/s] 10%|▉         | 156176/1615250 [01:27<34:42, 700.49it/s] 10%|▉         | 156496/1615250 [01:27<33:10, 733.00it/s] 10%|▉         | 156816/1615250 [01:28<37:57, 640.36it/s] 10%|▉         | 157136/1615250 [01:28<35:22, 686.85it/s] 10%|▉         | 157456/1615250 [01:29<34:28, 704.74it/s] 10%|▉         | 157776/1615250 [01:29<35:37, 681.70it/s] 10%|▉         | 158096/1615250 [01:29<33:31, 724.33it/s] 10%|▉         | 158416/1615250 [01:30<32:18, 751.46it/s] 10%|▉         | 158736/1615250 [01:30<31:01, 782.57it/s] 10%|▉         | 159056/1615250 [01:31<30:51, 786.57it/s] 10%|▉         | 159376/1615250 [01:31<29:25, 824.79it/s] 10%|▉         | 159696/1615250 [01:31<27:30, 882.06it/s] 10%|▉         | 160016/1615250 [01:32<28:09, 861.26it/s] 10%|▉         | 160336/1615250 [01:32<27:33, 880.04it/s] 10%|▉         | 160656/1615250 [01:32<27:59, 866.27it/s] 10%|▉         | 160976/1615250 [01:33<27:23, 884.94it/s] 10%|▉         | 161296/1615250 [01:33<25:00, 968.83it/s] 10%|█         | 161616/1615250 [01:33<23:13, 1042.90it/s] 10%|█         | 161936/1615250 [01:33<22:44, 1065.21it/s] 10%|█         | 162256/1615250 [01:34<20:44, 1167.29it/s] 10%|█         | 162576/1615250 [01:34<17:35, 1375.79it/s] 10%|█         | 162896/1615250 [01:34<16:04, 1506.52it/s] 10%|█         | 163216/1615250 [01:34<14:09, 1709.20it/s] 10%|█         | 163856/1615250 [01:34<11:25, 2117.89it/s] 10%|█         | 165136/1615250 [01:34<09:12, 2623.86it/s] 10%|█         | 165509/1615250 [01:35<09:15, 2611.68it/s] 10%|█         | 165848/1615250 [01:35<11:02, 2186.98it/s] 10%|█         | 166133/1615250 [01:35<13:09, 1835.75it/s] 10%|█         | 166416/1615250 [01:36<43:03, 560.79it/s]  10%|█         | 166736/1615250 [01:37<37:38, 641.24it/s] 10%|█         | 167056/1615250 [01:37<34:13, 705.27it/s] 10%|█         | 167376/1615250 [01:37<30:37, 788.05it/s] 10%|█         | 167696/1615250 [01:38<28:09, 857.02it/s] 10%|█         | 168016/1615250 [01:38<27:58, 862.13it/s] 10%|█         | 168336/1615250 [01:38<27:34, 874.71it/s] 10%|█         | 168656/1615250 [01:39<29:26, 818.72it/s] 10%|█         | 168976/1615250 [01:39<28:53, 834.47it/s] 10%|█         | 169296/1615250 [01:40<32:15, 747.09it/s] 11%|█         | 169616/1615250 [01:40<33:19, 722.88it/s] 11%|█         | 169936/1615250 [01:41<35:09, 685.20it/s] 11%|█         | 170256/1615250 [01:41<32:36, 738.69it/s] 11%|█         | 170576/1615250 [01:42<36:45, 654.93it/s] 11%|█         | 170896/1615250 [01:42<36:31, 659.06it/s] 11%|█         | 171216/1615250 [01:43<34:50, 690.83it/s] 11%|█         | 171536/1615250 [01:43<38:30, 624.77it/s] 11%|█         | 171856/1615250 [01:44<37:18, 644.77it/s] 11%|█         | 172176/1615250 [01:44<35:07, 684.87it/s] 11%|█         | 172496/1615250 [01:45<38:27, 625.35it/s] 11%|█         | 172816/1615250 [01:45<36:31, 658.18it/s] 11%|█         | 173136/1615250 [01:46<37:21, 643.47it/s] 11%|█         | 173456/1615250 [01:46<36:57, 650.26it/s] 11%|█         | 173776/1615250 [01:47<41:42, 575.99it/s] 11%|█         | 174096/1615250 [01:47<41:57, 572.51it/s] 11%|█         | 174416/1615250 [01:48<39:45, 604.09it/s] 11%|█         | 174736/1615250 [01:48<39:54, 601.51it/s] 11%|█         | 175056/1615250 [01:49<41:35, 577.19it/s] 11%|█         | 175376/1615250 [01:49<39:21, 609.66it/s] 11%|█         | 175696/1615250 [01:50<37:42, 636.16it/s] 11%|█         | 176016/1615250 [01:50<38:50, 617.65it/s] 11%|█         | 176336/1615250 [01:51<40:43, 588.79it/s] 11%|█         | 176656/1615250 [01:52<40:35, 590.64it/s] 11%|█         | 176976/1615250 [01:52<40:35, 590.48it/s] 11%|█         | 177296/1615250 [01:53<39:56, 600.08it/s] 11%|█         | 177616/1615250 [01:53<40:20, 593.95it/s] 11%|█         | 177936/1615250 [01:54<40:32, 590.90it/s] 11%|█         | 178256/1615250 [01:54<39:06, 612.45it/s] 11%|█         | 178576/1615250 [01:55<37:37, 636.54it/s] 11%|█         | 178896/1615250 [01:55<38:01, 629.44it/s] 11%|█         | 179216/1615250 [01:56<36:49, 649.92it/s] 11%|█         | 179536/1615250 [01:56<35:11, 679.90it/s] 11%|█         | 179856/1615250 [01:57<37:46, 633.31it/s] 11%|█         | 180176/1615250 [01:57<36:57, 647.11it/s] 11%|█         | 180496/1615250 [01:58<36:14, 659.91it/s] 11%|█         | 180816/1615250 [01:58<36:20, 657.83it/s] 11%|█         | 181136/1615250 [01:59<35:24, 675.02it/s] 11%|█         | 181456/1615250 [01:59<35:41, 669.60it/s] 11%|█▏        | 181776/1615250 [01:59<33:13, 719.22it/s] 11%|█▏        | 182096/1615250 [02:00<33:49, 706.33it/s] 11%|█▏        | 182416/1615250 [02:00<31:47, 751.26it/s] 11%|█▏        | 182736/1615250 [02:01<30:32, 781.84it/s] 11%|█▏        | 183056/1615250 [02:01<29:19, 814.17it/s] 11%|█▏        | 183376/1615250 [02:01<28:08, 847.81it/s] 11%|█▏        | 183696/1615250 [02:02<26:28, 901.37it/s] 11%|█▏        | 184016/1615250 [02:02<24:05, 990.08it/s] 11%|█▏        | 184336/1615250 [02:02<24:15, 982.95it/s] 11%|█▏        | 184656/1615250 [02:03<25:28, 935.94it/s] 11%|█▏        | 184976/1615250 [02:03<22:52, 1042.46it/s] 11%|█▏        | 185296/1615250 [02:03<21:05, 1129.83it/s] 11%|█▏        | 185616/1615250 [02:03<18:10, 1311.48it/s] 12%|█▏        | 185936/1615250 [02:03<16:09, 1474.31it/s] 12%|█▏        | 186256/1615250 [02:03<14:25, 1650.92it/s] 12%|█▏        | 187536/1615250 [02:04<10:52, 2188.66it/s] 12%|█▏        | 187939/1615250 [02:04<09:27, 2516.71it/s] 12%|█▏        | 188337/1615250 [02:04<08:31, 2789.81it/s] 12%|█▏        | 188728/1615250 [02:04<09:11, 2585.71it/s] 12%|█▏        | 189068/1615250 [02:04<11:11, 2123.88it/s] 12%|█▏        | 189351/1615250 [02:04<13:25, 1770.95it/s] 12%|█▏        | 189588/1615250 [02:05<19:36, 1211.30it/s] 12%|█▏        | 189776/1615250 [02:05<22:29, 1056.18it/s] 12%|█▏        | 190096/1615250 [02:05<25:59, 913.57it/s]  12%|█▏        | 190416/1615250 [02:06<27:38, 859.30it/s] 12%|█▏        | 190736/1615250 [02:06<29:20, 809.08it/s] 12%|█▏        | 191056/1615250 [02:07<33:13, 714.26it/s] 12%|█▏        | 191376/1615250 [02:08<37:05, 639.68it/s] 12%|█▏        | 191696/1615250 [02:08<41:46, 567.92it/s] 12%|█▏        | 192016/1615250 [02:09<46:43, 507.71it/s] 12%|█▏        | 192336/1615250 [02:10<47:24, 500.27it/s] 12%|█▏        | 192656/1615250 [02:10<48:02, 493.52it/s] 12%|█▏        | 192976/1615250 [02:11<53:24, 443.82it/s] 12%|█▏        | 193296/1615250 [02:12<56:09, 422.00it/s] 12%|█▏        | 193616/1615250 [02:13<57:29, 412.16it/s] 12%|█▏        | 193936/1615250 [02:13<52:36, 450.34it/s] 12%|█▏        | 194256/1615250 [02:14<52:39, 449.72it/s] 12%|█▏        | 194576/1615250 [02:15<55:31, 426.44it/s] 12%|█▏        | 194896/1615250 [02:16<59:20, 398.92it/s] 12%|█▏        | 195216/1615250 [02:17<56:52, 416.10it/s] 12%|█▏        | 195536/1615250 [02:17<53:35, 441.48it/s] 12%|█▏        | 195856/1615250 [02:18<50:00, 473.02it/s] 12%|█▏        | 196176/1615250 [02:19<50:08, 471.71it/s] 12%|█▏        | 196496/1615250 [02:19<49:14, 480.14it/s] 12%|█▏        | 196816/1615250 [02:20<50:20, 469.56it/s] 12%|█▏        | 197136/1615250 [02:21<54:19, 435.10it/s] 12%|█▏        | 197456/1615250 [02:21<54:36, 432.77it/s] 12%|█▏        | 197776/1615250 [02:22<52:19, 451.44it/s] 12%|█▏        | 198096/1615250 [02:23<49:13, 479.87it/s] 12%|█▏        | 198416/1615250 [02:23<50:42, 465.72it/s] 12%|█▏        | 198736/1615250 [02:24<48:09, 490.27it/s] 12%|█▏        | 199056/1615250 [02:25<48:02, 491.34it/s] 12%|█▏        | 199376/1615250 [02:25<49:19, 478.43it/s] 12%|█▏        | 199696/1615250 [02:26<48:24, 487.42it/s] 12%|█▏        | 200016/1615250 [02:27<47:50, 493.03it/s] 12%|█▏        | 200336/1615250 [02:27<45:46, 515.23it/s] 12%|█▏        | 200656/1615250 [02:28<44:44, 526.86it/s] 12%|█▏        | 200976/1615250 [02:30<1:22:52, 284.41it/s] 12%|█▏        | 201296/1615250 [02:31<1:13:04, 322.47it/s] 12%|█▏        | 201616/1615250 [02:32<1:08:41, 342.99it/s] 13%|█▎        | 201936/1615250 [02:32<1:02:27, 377.14it/s] 13%|█▎        | 202256/1615250 [02:33<55:44, 422.48it/s]   13%|█▎        | 202576/1615250 [02:33<51:30, 457.04it/s] 13%|█▎        | 202896/1615250 [02:34<51:16, 459.01it/s] 13%|█▎        | 203216/1615250 [02:35<49:11, 478.35it/s] 13%|█▎        | 203536/1615250 [02:35<46:16, 508.43it/s] 13%|█▎        | 203856/1615250 [02:36<43:10, 544.91it/s] 13%|█▎        | 204176/1615250 [02:36<42:08, 558.00it/s] 13%|█▎        | 204496/1615250 [02:37<42:01, 559.59it/s] 13%|█▎        | 204816/1615250 [02:37<39:50, 589.93it/s] 13%|█▎        | 205136/1615250 [02:38<41:22, 568.08it/s] 13%|█▎        | 205456/1615250 [02:38<39:40, 592.30it/s] 13%|█▎        | 205776/1615250 [02:39<41:20, 568.28it/s] 13%|█▎        | 206096/1615250 [02:39<40:23, 581.46it/s] 13%|█▎        | 206416/1615250 [02:40<38:07, 615.78it/s] 13%|█▎        | 206736/1615250 [02:40<35:29, 661.35it/s] 13%|█▎        | 207056/1615250 [02:41<33:16, 705.20it/s] 13%|█▎        | 207376/1615250 [02:41<29:32, 794.46it/s] 13%|█▎        | 207696/1615250 [02:41<25:35, 916.83it/s] 13%|█▎        | 208016/1615250 [02:41<22:28, 1043.91it/s] 13%|█▎        | 208336/1615250 [02:42<21:45, 1077.80it/s] 13%|█▎        | 208656/1615250 [02:42<19:20, 1212.24it/s] 13%|█▎        | 208976/1615250 [02:42<16:24, 1427.95it/s] 13%|█▎        | 209616/1615250 [02:42<12:49, 1827.75it/s] 13%|█▎        | 210256/1615250 [02:42<10:06, 2316.90it/s] 13%|█▎        | 210634/1615250 [02:42<09:39, 2425.07it/s] 13%|█▎        | 210980/1615250 [02:43<10:40, 2192.36it/s] 13%|█▎        | 211276/1615250 [02:43<13:30, 1731.18it/s] 13%|█▎        | 211536/1615250 [02:43<15:56, 1468.11it/s] 13%|█▎        | 211856/1615250 [02:43<19:03, 1227.35it/s] 13%|█▎        | 212176/1615250 [02:44<20:46, 1125.31it/s] 13%|█▎        | 212496/1615250 [02:44<23:06, 1011.42it/s] 13%|█▎        | 212816/1615250 [02:44<23:07, 1010.95it/s] 13%|█▎        | 213136/1615250 [02:45<28:07, 830.74it/s]  13%|█▎        | 213456/1615250 [02:45<30:28, 766.69it/s] 13%|█▎        | 213776/1615250 [02:46<30:18, 770.71it/s] 13%|█▎        | 214096/1615250 [02:46<31:53, 732.18it/s] 13%|█▎        | 214416/1615250 [02:47<36:03, 647.35it/s] 13%|█▎        | 214736/1615250 [02:48<43:00, 542.66it/s] 13%|█▎        | 215056/1615250 [02:49<47:55, 486.87it/s] 13%|█▎        | 215376/1615250 [02:49<46:14, 504.49it/s] 13%|█▎        | 215696/1615250 [02:50<47:23, 492.26it/s] 13%|█▎        | 216016/1615250 [02:51<50:41, 460.08it/s] 13%|█▎        | 216336/1615250 [02:51<49:04, 475.14it/s] 13%|█▎        | 216656/1615250 [02:52<51:12, 455.23it/s] 13%|█▎        | 216976/1615250 [02:53<52:41, 442.24it/s] 13%|█▎        | 217296/1615250 [02:53<49:56, 466.49it/s] 13%|█▎        | 217616/1615250 [02:54<46:08, 504.92it/s] 13%|█▎        | 217936/1615250 [02:55<50:23, 462.13it/s] 14%|█▎        | 218256/1615250 [02:56<52:10, 446.24it/s] 14%|█▎        | 218576/1615250 [02:56<52:39, 442.01it/s] 14%|█▎        | 218896/1615250 [02:57<50:29, 460.85it/s] 14%|█▎        | 219216/1615250 [02:58<50:24, 461.50it/s] 14%|█▎        | 219536/1615250 [02:58<48:23, 480.72it/s] 14%|█▎        | 219856/1615250 [02:59<50:23, 461.45it/s] 14%|█▎        | 220176/1615250 [03:00<50:44, 458.25it/s] 14%|█▎        | 220496/1615250 [03:00<47:07, 493.37it/s] 14%|█▎        | 220816/1615250 [03:01<53:24, 435.11it/s] 14%|█▎        | 221136/1615250 [03:02<50:21, 461.36it/s] 14%|█▎        | 221456/1615250 [03:03<52:11, 445.05it/s] 14%|█▎        | 221776/1615250 [03:03<51:58, 446.80it/s] 14%|█▎        | 222096/1615250 [03:04<52:57, 438.46it/s] 14%|█▍        | 222416/1615250 [03:05<53:29, 433.99it/s] 14%|█▍        | 222736/1615250 [03:06<53:14, 435.87it/s] 14%|█▍        | 223056/1615250 [03:06<51:48, 447.85it/s] 14%|█▍        | 223376/1615250 [03:07<51:13, 452.88it/s] 14%|█▍        | 223696/1615250 [03:08<50:59, 454.86it/s] 14%|█▍        | 224016/1615250 [03:08<50:04, 462.97it/s] 14%|█▍        | 224336/1615250 [03:09<49:00, 472.97it/s] 14%|█▍        | 224656/1615250 [03:10<49:03, 472.39it/s] 14%|█▍        | 224976/1615250 [03:10<48:35, 476.91it/s] 14%|█▍        | 225296/1615250 [03:11<46:47, 495.11it/s] 14%|█▍        | 225616/1615250 [03:11<45:44, 506.39it/s] 14%|█▍        | 225936/1615250 [03:12<46:30, 497.82it/s] 14%|█▍        | 226256/1615250 [03:13<45:03, 513.81it/s] 14%|█▍        | 226576/1615250 [03:13<46:08, 501.56it/s] 14%|█▍        | 226896/1615250 [03:14<43:37, 530.38it/s] 14%|█▍        | 227216/1615250 [03:14<42:35, 543.21it/s] 14%|█▍        | 227536/1615250 [03:15<43:06, 536.42it/s] 14%|█▍        | 227856/1615250 [03:16<41:36, 555.68it/s] 14%|█▍        | 228176/1615250 [03:16<39:51, 580.01it/s] 14%|█▍        | 228496/1615250 [03:16<36:40, 630.25it/s] 14%|█▍        | 228816/1615250 [03:17<39:05, 591.14it/s] 14%|█▍        | 229136/1615250 [03:17<35:47, 645.35it/s] 14%|█▍        | 229456/1615250 [03:18<35:28, 651.21it/s] 14%|█▍        | 229776/1615250 [03:18<32:18, 714.78it/s] 14%|█▍        | 230096/1615250 [03:19<31:33, 731.54it/s] 14%|█▍        | 230416/1615250 [03:19<28:50, 800.12it/s] 14%|█▍        | 230736/1615250 [03:19<26:17, 877.55it/s] 14%|█▍        | 231056/1615250 [03:19<22:10, 1040.29it/s] 14%|█▍        | 231376/1615250 [03:20<20:53, 1103.59it/s] 14%|█▍        | 231696/1615250 [03:20<17:32, 1313.96it/s] 14%|█▍        | 232656/1615250 [03:20<13:02, 1767.82it/s] 14%|█▍        | 233296/1615250 [03:20<11:07, 2070.14it/s] 14%|█▍        | 233668/1615250 [03:20<10:34, 2176.55it/s] 14%|█▍        | 234003/1615250 [03:20<11:35, 1986.58it/s] 15%|█▍        | 234287/1615250 [03:21<15:08, 1520.59it/s] 15%|█▍        | 234576/1615250 [03:21<19:57, 1152.80it/s] 15%|█▍        | 234896/1615250 [03:21<19:36, 1173.71it/s] 15%|█▍        | 235216/1615250 [03:22<22:58, 1001.42it/s] 15%|█▍        | 235536/1615250 [03:22<23:12, 990.85it/s]  15%|█▍        | 235856/1615250 [03:23<29:14, 786.30it/s] 15%|█▍        | 236176/1615250 [03:23<30:39, 749.56it/s] 15%|█▍        | 236496/1615250 [03:24<33:15, 690.78it/s] 15%|█▍        | 236816/1615250 [03:24<34:57, 657.29it/s] 15%|█▍        | 237136/1615250 [03:25<34:34, 664.18it/s] 15%|█▍        | 237456/1615250 [03:25<36:05, 636.18it/s] 15%|█▍        | 237776/1615250 [03:26<38:02, 603.46it/s] 15%|█▍        | 238096/1615250 [03:27<39:00, 588.31it/s] 15%|█▍        | 238416/1615250 [03:27<43:51, 523.14it/s] 15%|█▍        | 238736/1615250 [03:28<43:58, 521.69it/s] 15%|█▍        | 239056/1615250 [03:29<44:26, 516.18it/s] 15%|█▍        | 239376/1615250 [03:29<46:50, 489.49it/s] 15%|█▍        | 239696/1615250 [03:30<46:46, 490.15it/s] 15%|█▍        | 240016/1615250 [03:31<46:00, 498.26it/s] 15%|█▍        | 240336/1615250 [03:31<49:22, 464.16it/s] 15%|█▍        | 240656/1615250 [03:32<49:22, 463.93it/s] 15%|█▍        | 240976/1615250 [03:33<49:05, 466.62it/s] 15%|█▍        | 241296/1615250 [03:33<48:31, 471.94it/s] 15%|█▍        | 241616/1615250 [03:34<50:05, 456.99it/s] 15%|█▍        | 241616/1615250 [04:49<50:05, 456.99it/s] 15%|█▍        | 241936/1615250 [04:49<27:22:41, 13.93it/s] 15%|█▍        | 242256/1615250 [04:50<19:28:14, 19.59it/s] 15%|█▌        | 242576/1615250 [04:51<13:54:16, 27.42it/s] 15%|█▌        | 242896/1615250 [04:51<9:59:14, 38.17it/s]  15%|█▌        | 243216/1615250 [04:52<7:18:23, 52.16it/s] 15%|█▌        | 243536/1615250 [04:53<5:24:17, 70.50it/s] 15%|█▌        | 243856/1615250 [04:54<4:05:03, 93.27it/s] 15%|█▌        | 244176/1615250 [04:55<3:13:56, 117.82it/s] 15%|█▌        | 244496/1615250 [04:56<2:30:43, 151.57it/s] 15%|█▌        | 244816/1615250 [04:57<2:02:25, 186.58it/s] 15%|█▌        | 245136/1615250 [04:57<1:42:23, 223.01it/s] 15%|█▌        | 245456/1615250 [04:58<1:28:37, 257.59it/s] 15%|█▌        | 245776/1615250 [04:59<1:18:12, 291.86it/s] 15%|█▌        | 246096/1615250 [05:00<1:09:41, 327.45it/s] 15%|█▌        | 246416/1615250 [05:00<1:08:01, 335.35it/s] 15%|█▌        | 246736/1615250 [05:01<1:02:14, 366.47it/s] 15%|█▌        | 247056/1615250 [05:02<1:00:05, 379.45it/s] 15%|█▌        | 247376/1615250 [05:03<1:00:31, 376.64it/s] 15%|█▌        | 247696/1615250 [05:03<57:53, 393.66it/s]   15%|█▌        | 248016/1615250 [05:04<56:33, 402.86it/s] 15%|█▌        | 248336/1615250 [05:05<54:07, 420.85it/s] 15%|█▌        | 248656/1615250 [05:06<52:09, 436.75it/s] 15%|█▌        | 248976/1615250 [05:06<50:29, 450.96it/s] 15%|█▌        | 249296/1615250 [05:07<48:47, 466.62it/s] 15%|█▌        | 249616/1615250 [05:08<49:22, 460.96it/s] 15%|█▌        | 249936/1615250 [05:08<48:15, 471.54it/s] 15%|█▌        | 250256/1615250 [05:09<47:52, 475.19it/s] 16%|█▌        | 250576/1615250 [05:09<44:04, 515.94it/s] 16%|█▌        | 250896/1615250 [05:10<45:22, 501.19it/s] 16%|█▌        | 251216/1615250 [05:11<42:58, 528.94it/s] 16%|█▌        | 251536/1615250 [05:11<42:52, 530.17it/s] 16%|█▌        | 251856/1615250 [05:12<41:03, 553.52it/s] 16%|█▌        | 252176/1615250 [05:12<38:51, 584.62it/s] 16%|█▌        | 252496/1615250 [05:13<36:20, 625.03it/s] 16%|█▌        | 252816/1615250 [05:13<34:18, 661.73it/s] 16%|█▌        | 253136/1615250 [05:13<31:07, 729.21it/s] 16%|█▌        | 253456/1615250 [05:14<30:36, 741.35it/s] 16%|█▌        | 253776/1615250 [05:14<27:04, 837.91it/s] 16%|█▌        | 254096/1615250 [05:14<22:39, 1001.34it/s] 16%|█▌        | 254416/1615250 [05:14<18:34, 1220.88it/s] 16%|█▌        | 255056/1615250 [05:14<14:06, 1606.23it/s] 16%|█▌        | 256016/1615250 [05:15<11:03, 2047.17it/s] 16%|█▌        | 256393/1615250 [05:15<11:36, 1950.68it/s] 16%|█▌        | 256709/1615250 [05:15<12:51, 1761.51it/s] 16%|█▌        | 256976/1615250 [05:15<17:09, 1319.73it/s] 16%|█▌        | 257296/1615250 [05:16<21:27, 1054.77it/s] 16%|█▌        | 257616/1615250 [05:16<21:42, 1042.60it/s] 16%|█▌        | 257936/1615250 [05:17<23:48, 950.25it/s]  16%|█▌        | 258256/1615250 [05:17<27:31, 821.84it/s] 16%|█▌        | 258576/1615250 [05:18<28:56, 781.09it/s] 16%|█▌        | 258896/1615250 [05:18<32:49, 688.70it/s] 16%|█▌        | 259216/1615250 [05:19<35:54, 629.50it/s] 16%|█▌        | 259536/1615250 [05:19<36:37, 616.90it/s] 16%|█▌        | 259856/1615250 [05:20<35:45, 631.66it/s] 16%|█▌        | 260176/1615250 [05:20<39:54, 566.01it/s] 16%|█▌        | 260496/1615250 [05:21<42:16, 534.07it/s] 16%|█▌        | 260816/1615250 [05:22<43:15, 521.85it/s] 16%|█▌        | 261136/1615250 [05:22<45:45, 493.28it/s] 16%|█▌        | 261456/1615250 [05:23<46:39, 483.51it/s] 16%|█▌        | 261776/1615250 [05:24<50:45, 444.41it/s] 16%|█▌        | 262096/1615250 [05:25<51:45, 435.70it/s] 16%|█▌        | 262416/1615250 [05:26<53:03, 425.01it/s] 16%|█▋        | 262736/1615250 [05:26<53:21, 422.47it/s] 16%|█▋        | 263056/1615250 [05:27<52:58, 425.41it/s] 16%|█▋        | 263376/1615250 [05:28<55:36, 405.12it/s] 16%|█▋        | 263696/1615250 [05:29<53:11, 423.48it/s] 16%|█▋        | 264016/1615250 [05:30<56:40, 397.33it/s] 16%|█▋        | 264336/1615250 [05:31<1:01:05, 368.55it/s] 16%|█▋        | 264656/1615250 [05:32<1:04:48, 347.36it/s] 16%|█▋        | 264976/1615250 [05:32<1:01:23, 366.62it/s] 16%|█▋        | 265296/1615250 [05:33<1:01:49, 363.92it/s] 16%|█▋        | 265616/1615250 [05:34<59:35, 377.45it/s]   16%|█▋        | 265936/1615250 [05:35<58:53, 381.86it/s] 16%|█▋        | 266256/1615250 [05:36<58:41, 383.02it/s] 17%|█▋        | 266576/1615250 [05:37<1:00:50, 369.44it/s] 17%|█▋        | 266896/1615250 [05:38<1:00:37, 370.70it/s] 17%|█▋        | 267216/1615250 [05:38<58:40, 382.90it/s]   17%|█▋        | 267536/1615250 [05:39<1:01:04, 367.78it/s] 17%|█▋        | 267856/1615250 [05:40<1:02:25, 359.75it/s] 17%|█▋        | 268176/1615250 [05:41<1:04:54, 345.88it/s] 17%|█▋        | 268496/1615250 [05:42<1:05:45, 341.31it/s] 17%|█▋        | 268816/1615250 [05:43<1:01:42, 363.62it/s] 17%|█▋        | 269136/1615250 [05:44<57:28, 390.37it/s]   17%|█▋        | 269456/1615250 [05:45<1:00:00, 373.73it/s] 17%|█▋        | 269776/1615250 [05:45<56:29, 396.99it/s]   17%|█▋        | 270096/1615250 [05:46<56:08, 399.29it/s] 17%|█▋        | 270416/1615250 [05:47<59:10, 378.81it/s] 17%|█▋        | 270736/1615250 [05:48<57:10, 391.91it/s] 17%|█▋        | 271056/1615250 [05:49<58:24, 383.60it/s] 17%|█▋        | 271376/1615250 [05:49<56:24, 397.03it/s] 17%|█▋        | 271696/1615250 [05:50<52:45, 424.47it/s] 17%|█▋        | 272016/1615250 [05:51<53:45, 416.48it/s] 17%|█▋        | 272336/1615250 [05:51<50:48, 440.52it/s] 17%|█▋        | 272656/1615250 [05:52<49:23, 453.05it/s] 17%|█▋        | 272976/1615250 [05:53<48:46, 458.59it/s] 17%|█▋        | 273296/1615250 [05:53<47:16, 473.16it/s] 17%|█▋        | 273616/1615250 [05:54<45:44, 488.79it/s] 17%|█▋        | 273936/1615250 [05:55<43:49, 510.13it/s] 17%|█▋        | 274256/1615250 [05:55<45:58, 486.19it/s] 17%|█▋        | 274576/1615250 [05:56<48:01, 465.21it/s] 17%|█▋        | 274896/1615250 [05:57<45:19, 492.95it/s] 17%|█▋        | 275216/1615250 [05:57<45:41, 488.81it/s] 17%|█▋        | 275536/1615250 [05:58<44:19, 503.82it/s] 17%|█▋        | 275856/1615250 [05:58<42:56, 519.90it/s] 17%|█▋        | 276176/1615250 [05:59<53:05, 420.38it/s] 17%|█▋        | 276496/1615250 [06:00<42:45, 521.81it/s] 17%|█▋        | 276816/1615250 [06:00<35:21, 631.04it/s] 17%|█▋        | 277136/1615250 [06:00<27:48, 801.86it/s] 17%|█▋        | 277456/1615250 [06:00<22:03, 1011.08it/s] 17%|█▋        | 278416/1615250 [06:00<16:13, 1373.84it/s] 17%|█▋        | 278785/1615250 [06:00<13:10, 1691.52it/s] 17%|█▋        | 279154/1615250 [06:01<12:28, 1784.36it/s] 17%|█▋        | 279474/1615250 [06:01<12:52, 1729.35it/s] 17%|█▋        | 279746/1615250 [06:01<18:11, 1224.00it/s] 17%|█▋        | 280016/1615250 [06:02<21:53, 1016.38it/s] 17%|█▋        | 280336/1615250 [06:02<23:41, 938.96it/s]  17%|█▋        | 280656/1615250 [06:02<23:51, 932.42it/s] 17%|█▋        | 280976/1615250 [06:03<26:34, 836.63it/s] 17%|█▋        | 281296/1615250 [06:03<29:55, 742.77it/s] 17%|█▋        | 281616/1615250 [06:04<31:07, 714.07it/s] 17%|█▋        | 281936/1615250 [06:05<35:59, 617.43it/s] 17%|█▋        | 282256/1615250 [06:05<36:45, 604.52it/s] 17%|█▋        | 282576/1615250 [06:06<39:51, 557.32it/s] 18%|█▊        | 282896/1615250 [06:06<41:28, 535.43it/s] 18%|█▊        | 283216/1615250 [06:07<42:35, 521.15it/s] 18%|█▊        | 283536/1615250 [06:08<46:38, 475.86it/s] 18%|█▊        | 283856/1615250 [06:09<46:45, 474.59it/s] 18%|█▊        | 284176/1615250 [06:10<52:22, 423.60it/s] 18%|█▊        | 284496/1615250 [06:10<51:05, 434.13it/s] 18%|█▊        | 284816/1615250 [06:11<52:25, 423.01it/s] 18%|█▊        | 285136/1615250 [06:12<55:08, 402.02it/s] 18%|█▊        | 285456/1615250 [06:13<54:51, 404.03it/s] 18%|█▊        | 285776/1615250 [06:14<57:51, 382.99it/s] 18%|█▊        | 286096/1615250 [06:14<55:13, 401.19it/s] 18%|█▊        | 286416/1615250 [06:15<58:05, 381.28it/s] 18%|█▊        | 286736/1615250 [06:16<58:42, 377.14it/s] 18%|█▊        | 287056/1615250 [06:17<1:01:05, 362.40it/s] 18%|█▊        | 287376/1615250 [06:18<1:00:24, 366.38it/s] 18%|█▊        | 287696/1615250 [06:19<1:01:06, 362.11it/s] 18%|█▊        | 288016/1615250 [06:20<1:05:33, 337.42it/s] 18%|█▊        | 288336/1615250 [06:21<1:05:14, 338.97it/s] 18%|█▊        | 288656/1615250 [06:22<1:05:07, 339.53it/s] 18%|█▊        | 288976/1615250 [06:23<1:05:27, 337.65it/s] 18%|█▊        | 289296/1615250 [06:24<1:04:54, 340.51it/s] 18%|█▊        | 289616/1615250 [06:25<1:03:37, 347.22it/s] 18%|█▊        | 289616/1615250 [09:38<1:03:37, 347.22it/s] 18%|█▊        | 289936/1615250 [09:40<68:06:47,  5.40it/s] 18%|█▊        | 290256/1615250 [09:41<47:57:09,  7.68it/s] 18%|█▊        | 290576/1615250 [09:42<34:02:35, 10.81it/s] 18%|█▊        | 290896/1615250 [09:43<24:11:14, 15.21it/s] 18%|█▊        | 291216/1615250 [09:44<17:17:17, 21.27it/s] 18%|█▊        | 291536/1615250 [09:45<12:23:57, 29.65it/s] 18%|█▊        | 291856/1615250 [09:46<9:00:36, 40.80it/s]  18%|█▊        | 292176/1615250 [09:47<6:36:27, 55.62it/s] 18%|█▊        | 292496/1615250 [09:48<4:53:24, 75.14it/s] 18%|█▊        | 292816/1615250 [09:48<3:40:40, 99.87it/s] 18%|█▊        | 293136/1615250 [09:49<2:50:30, 129.23it/s] 18%|█▊        | 293456/1615250 [09:50<2:15:31, 162.54it/s] 18%|█▊        | 293776/1615250 [09:51<1:54:11, 192.87it/s] 18%|█▊        | 294096/1615250 [09:52<1:37:33, 225.69it/s] 18%|█▊        | 294416/1615250 [09:52<1:23:40, 263.09it/s] 18%|█▊        | 294736/1615250 [09:53<1:15:44, 290.55it/s] 18%|█▊        | 295056/1615250 [09:54<1:06:23, 331.45it/s] 18%|█▊        | 295376/1615250 [09:55<1:00:08, 365.76it/s] 18%|█▊        | 295696/1615250 [09:55<57:57, 379.50it/s]   18%|█▊        | 296016/1615250 [09:56<52:01, 422.58it/s] 18%|█▊        | 296336/1615250 [09:57<50:21, 436.55it/s] 18%|█▊        | 296656/1615250 [09:57<47:56, 458.48it/s] 18%|█▊        | 296976/1615250 [09:58<44:51, 489.75it/s] 18%|█▊        | 297296/1615250 [09:58<44:12, 496.82it/s] 18%|█▊        | 297616/1615250 [09:59<39:55, 550.09it/s] 18%|█▊        | 297936/1615250 [09:59<38:13, 574.44it/s] 18%|█▊        | 298256/1615250 [10:00<35:43, 614.34it/s] 18%|█▊        | 298576/1615250 [10:00<33:28, 655.41it/s] 19%|█▊        | 298896/1615250 [10:01<30:50, 711.49it/s] 19%|█▊        | 299216/1615250 [10:01<27:41, 791.95it/s] 19%|█▊        | 299536/1615250 [10:01<25:00, 876.76it/s] 19%|█▊        | 299856/1615250 [10:01<20:53, 1049.51it/s] 19%|█▊        | 300176/1615250 [10:01<16:55, 1294.48it/s] 19%|█▊        | 301136/1615250 [10:01<12:36, 1736.19it/s] 19%|█▊        | 301513/1615250 [10:02<10:45, 2035.78it/s] 19%|█▊        | 301879/1615250 [10:02<10:49, 2022.83it/s] 19%|█▊        | 302195/1615250 [10:02<14:21, 1524.64it/s] 19%|█▊        | 302445/1615250 [10:02<17:31, 1248.88it/s] 19%|█▊        | 302736/1615250 [10:03<21:29, 1017.76it/s] 19%|█▉        | 303056/1615250 [10:03<22:31, 971.27it/s]  19%|█▉        | 303376/1615250 [10:04<27:34, 792.83it/s] 19%|█▉        | 303696/1615250 [10:04<29:33, 739.59it/s] 19%|█▉        | 304016/1615250 [10:05<29:00, 753.36it/s] 19%|█▉        | 304336/1615250 [10:05<33:18, 655.85it/s] 19%|█▉        | 304656/1615250 [10:06<34:54, 625.64it/s] 19%|█▉        | 304976/1615250 [10:07<37:46, 578.22it/s] 19%|█▉        | 305296/1615250 [10:07<39:15, 556.01it/s] 19%|█▉        | 305616/1615250 [10:08<41:43, 523.17it/s] 19%|█▉        | 305936/1615250 [10:09<44:30, 490.33it/s] 19%|█▉        | 306256/1615250 [10:09<46:11, 472.28it/s] 19%|█▉        | 306576/1615250 [10:10<46:18, 470.94it/s] 19%|█▉        | 306896/1615250 [10:11<48:25, 450.32it/s] 19%|█▉        | 307216/1615250 [10:12<52:57, 411.70it/s] 19%|█▉        | 307536/1615250 [10:13<54:25, 400.45it/s] 19%|█▉        | 307856/1615250 [10:13<55:20, 393.78it/s] 19%|█▉        | 308176/1615250 [10:14<58:07, 374.81it/s] 19%|█▉        | 308496/1615250 [10:15<57:28, 378.99it/s] 19%|█▉        | 308816/1615250 [10:16<58:09, 374.39it/s] 19%|█▉        | 309136/1615250 [10:17<59:48, 363.94it/s] 19%|█▉        | 309456/1615250 [10:18<1:01:14, 355.34it/s] 19%|█▉        | 309776/1615250 [10:19<1:02:02, 350.73it/s] 19%|█▉        | 310096/1615250 [10:20<1:03:23, 343.10it/s] 19%|█▉        | 310416/1615250 [10:21<1:01:15, 355.06it/s] 19%|█▉        | 310736/1615250 [10:22<1:03:22, 343.02it/s] 19%|█▉        | 311056/1615250 [10:23<1:02:30, 347.72it/s] 19%|█▉        | 311376/1615250 [10:23<1:02:07, 349.75it/s] 19%|█▉        | 311696/1615250 [10:25<1:06:03, 328.93it/s] 19%|█▉        | 312016/1615250 [10:26<1:06:06, 328.52it/s] 19%|█▉        | 312336/1615250 [10:27<1:11:14, 304.82it/s] 19%|█▉        | 312656/1615250 [10:30<1:51:15, 195.14it/s] 19%|█▉        | 312976/1615250 [10:31<1:44:29, 207.72it/s] 19%|█▉        | 313296/1615250 [10:37<3:11:30, 113.30it/s] 19%|█▉        | 313616/1615250 [10:42<3:52:43, 93.22it/s]  19%|█▉        | 313936/1615250 [12:56<48:04:41,  7.52it/s] 19%|█▉        | 313936/1615250 [12:56<48:04:41,  7.52it/s] 19%|█▉        | 313937/1615250 [12:56<65:12:32,  5.54it/s] 19%|█▉        | 314256/1615250 [12:58<46:27:41,  7.78it/s] 19%|█▉        | 314576/1615250 [13:05<33:25:25, 10.81it/s] 19%|█▉        | 314583/1615250 [13:10<161:05:04,  2.24it/s] 19%|█▉        | 314588/1615250 [13:11<118:28:04,  3.05it/s] 19%|█▉        | 314588/1615250 [14:28<118:28:04,  3.05it/s] 19%|█▉        | 314592/1615250 [21:41<2276:51:07,  6.30s/it] 19%|█▉        | 314593/1615250 [21:41<47579:22:00, 131.69s/it] 19%|█▉        | 314792/1615250 [21:41<33300:34:35, 92.18s/it] Process ForkPoolWorker-2:
Traceback (most recent call last):
  File "/home/ricky/anaconda3/lib/python3.7/multiprocessing/pool.py", line 127, in worker
    put((job, i, result))
  File "/home/ricky/anaconda3/lib/python3.7/multiprocessing/queues.py", line 364, in put
    self._writer.send_bytes(obj)
  File "/home/ricky/anaconda3/lib/python3.7/multiprocessing/connection.py", line 200, in send_bytes
    self._send_bytes(m[offset:offset + size])
  File "/home/ricky/anaconda3/lib/python3.7/multiprocessing/connection.py", line 397, in _send_bytes
    self._send(header)
  File "/home/ricky/anaconda3/lib/python3.7/multiprocessing/connection.py", line 368, in _send
    n = write(self._handle, buf)
BrokenPipeError: [Errno 32] Broken pipe

During handling of the above exception, another exception occurred:

Traceback (most recent call last):
  File "/home/ricky/anaconda3/lib/python3.7/multiprocessing/process.py", line 297, in _bootstrap
    self.run()
  File "/home/ricky/anaconda3/lib/python3.7/multiprocessing/process.py", line 99, in run
    self._target(*self._args, **self._kwargs)
  File "/home/ricky/anaconda3/lib/python3.7/multiprocessing/pool.py", line 132, in worker
    put((job, i, (False, wrapped)))
  File "/home/ricky/anaconda3/lib/python3.7/multiprocessing/queues.py", line 364, in put
    self._writer.send_bytes(obj)
  File "/home/ricky/anaconda3/lib/python3.7/multiprocessing/connection.py", line 200, in send_bytes
    self._send_bytes(m[offset:offset + size])
  File "/home/ricky/anaconda3/lib/python3.7/multiprocessing/connection.py", line 404, in _send_bytes
    self._send(header + buf)
  File "/home/ricky/anaconda3/lib/python3.7/multiprocessing/connection.py", line 368, in _send
    n = write(self._handle, buf)
BrokenPipeError: [Errno 32] Broken pipe
Process ForkPoolWorker-13:
Traceback (most recent call last):
  File "/home/ricky/anaconda3/lib/python3.7/multiprocessing/pool.py", line 127, in worker
    put((job, i, result))
  File "/home/ricky/anaconda3/lib/python3.7/multiprocessing/queues.py", line 364, in put
    self._writer.send_bytes(obj)
  File "/home/ricky/anaconda3/lib/python3.7/multiprocessing/connection.py", line 200, in send_bytes
    self._send_bytes(m[offset:offset + size])
  File "/home/ricky/anaconda3/lib/python3.7/multiprocessing/connection.py", line 398, in _send_bytes
    self._send(buf)
  File "/home/ricky/anaconda3/lib/python3.7/multiprocessing/connection.py", line 368, in _send
    n = write(self._handle, buf)
BrokenPipeError: [Errno 32] Broken pipe

During handling of the above exception, another exception occurred:

Traceback (most recent call last):
  File "/home/ricky/anaconda3/lib/python3.7/multiprocessing/process.py", line 297, in _bootstrap
    self.run()
  File "/home/ricky/anaconda3/lib/python3.7/multiprocessing/process.py", line 99, in run
    self._target(*self._args, **self._kwargs)
  File "/home/ricky/anaconda3/lib/python3.7/multiprocessing/pool.py", line 132, in worker
    put((job, i, (False, wrapped)))
  File "/home/ricky/anaconda3/lib/python3.7/multiprocessing/queues.py", line 364, in put
    self._writer.send_bytes(obj)
  File "/home/ricky/anaconda3/lib/python3.7/multiprocessing/connection.py", line 200, in send_bytes
    self._send_bytes(m[offset:offset + size])
  File "/home/ricky/anaconda3/lib/python3.7/multiprocessing/connection.py", line 404, in _send_bytes
    self._send(header + buf)
  File "/home/ricky/anaconda3/lib/python3.7/multiprocessing/connection.py", line 368, in _send
    n = write(self._handle, buf)
BrokenPipeError: [Errno 32] Broken pipe
Process ForkPoolWorker-7:
Traceback (most recent call last):
  File "/home/ricky/anaconda3/lib/python3.7/multiprocessing/pool.py", line 127, in worker
    put((job, i, result))
  File "/home/ricky/anaconda3/lib/python3.7/multiprocessing/queues.py", line 364, in put
    self._writer.send_bytes(obj)
  File "/home/ricky/anaconda3/lib/python3.7/multiprocessing/connection.py", line 200, in send_bytes
    self._send_bytes(m[offset:offset + size])
  File "/home/ricky/anaconda3/lib/python3.7/multiprocessing/connection.py", line 397, in _send_bytes
    self._send(header)
  File "/home/ricky/anaconda3/lib/python3.7/multiprocessing/connection.py", line 368, in _send
    n = write(self._handle, buf)
BrokenPipeError: [Errno 32] Broken pipe

During handling of the above exception, another exception occurred:

Traceback (most recent call last):
  File "/home/ricky/anaconda3/lib/python3.7/multiprocessing/process.py", line 297, in _bootstrap
    self.run()
  File "/home/ricky/anaconda3/lib/python3.7/multiprocessing/process.py", line 99, in run
    self._target(*self._args, **self._kwargs)
  File "/home/ricky/anaconda3/lib/python3.7/multiprocessing/pool.py", line 132, in worker
    put((job, i, (False, wrapped)))
  File "/home/ricky/anaconda3/lib/python3.7/multiprocessing/queues.py", line 364, in put
    self._writer.send_bytes(obj)
  File "/home/ricky/anaconda3/lib/python3.7/multiprocessing/connection.py", line 200, in send_bytes
    self._send_bytes(m[offset:offset + size])
  File "/home/ricky/anaconda3/lib/python3.7/multiprocessing/connection.py", line 404, in _send_bytes
    self._send(header + buf)
  File "/home/ricky/anaconda3/lib/python3.7/multiprocessing/connection.py", line 368, in _send
    n = write(self._handle, buf)
BrokenPipeError: [Errno 32] Broken pipe
Process ForkPoolWorker-3:
Traceback (most recent call last):
  File "/home/ricky/anaconda3/lib/python3.7/multiprocessing/pool.py", line 127, in worker
    put((job, i, result))
  File "/home/ricky/anaconda3/lib/python3.7/multiprocessing/queues.py", line 364, in put
    self._writer.send_bytes(obj)
  File "/home/ricky/anaconda3/lib/python3.7/multiprocessing/connection.py", line 200, in send_bytes
    self._send_bytes(m[offset:offset + size])
  File "/home/ricky/anaconda3/lib/python3.7/multiprocessing/connection.py", line 397, in _send_bytes
    self._send(header)
  File "/home/ricky/anaconda3/lib/python3.7/multiprocessing/connection.py", line 368, in _send
    n = write(self._handle, buf)
BrokenPipeError: [Errno 32] Broken pipe

During handling of the above exception, another exception occurred:

Traceback (most recent call last):
  File "/home/ricky/anaconda3/lib/python3.7/multiprocessing/process.py", line 297, in _bootstrap
    self.run()
  File "/home/ricky/anaconda3/lib/python3.7/multiprocessing/process.py", line 99, in run
    self._target(*self._args, **self._kwargs)
  File "/home/ricky/anaconda3/lib/python3.7/multiprocessing/pool.py", line 132, in worker
    put((job, i, (False, wrapped)))
  File "/home/ricky/anaconda3/lib/python3.7/multiprocessing/queues.py", line 364, in put
    self._writer.send_bytes(obj)
  File "/home/ricky/anaconda3/lib/python3.7/multiprocessing/connection.py", line 200, in send_bytes
    self._send_bytes(m[offset:offset + size])
  File "/home/ricky/anaconda3/lib/python3.7/multiprocessing/connection.py", line 404, in _send_bytes
    self._send(header + buf)
  File "/home/ricky/anaconda3/lib/python3.7/multiprocessing/connection.py", line 368, in _send
    n = write(self._handle, buf)
BrokenPipeError: [Errno 32] Broken pipe
Process ForkPoolWorker-1:
Traceback (most recent call last):
  File "/home/ricky/anaconda3/lib/python3.7/multiprocessing/pool.py", line 127, in worker
    put((job, i, result))
  File "/home/ricky/anaconda3/lib/python3.7/multiprocessing/queues.py", line 364, in put
    self._writer.send_bytes(obj)
  File "/home/ricky/anaconda3/lib/python3.7/multiprocessing/connection.py", line 200, in send_bytes
    self._send_bytes(m[offset:offset + size])
  File "/home/ricky/anaconda3/lib/python3.7/multiprocessing/connection.py", line 397, in _send_bytes
    self._send(header)
  File "/home/ricky/anaconda3/lib/python3.7/multiprocessing/connection.py", line 368, in _send
    n = write(self._handle, buf)
BrokenPipeError: [Errno 32] Broken pipe

During handling of the above exception, another exception occurred:

Traceback (most recent call last):
  File "/home/ricky/anaconda3/lib/python3.7/multiprocessing/process.py", line 297, in _bootstrap
    self.run()
  File "/home/ricky/anaconda3/lib/python3.7/multiprocessing/process.py", line 99, in run
    self._target(*self._args, **self._kwargs)
  File "/home/ricky/anaconda3/lib/python3.7/multiprocessing/pool.py", line 132, in worker
    put((job, i, (False, wrapped)))
  File "/home/ricky/anaconda3/lib/python3.7/multiprocessing/queues.py", line 364, in put
    self._writer.send_bytes(obj)
  File "/home/ricky/anaconda3/lib/python3.7/multiprocessing/connection.py", line 200, in send_bytes
    self._send_bytes(m[offset:offset + size])
  File "/home/ricky/anaconda3/lib/python3.7/multiprocessing/connection.py", line 404, in _send_bytes
    self._send(header + buf)
  File "/home/ricky/anaconda3/lib/python3.7/multiprocessing/connection.py", line 368, in _send
    n = write(self._handle, buf)
BrokenPipeError: [Errno 32] Broken pipe
Process ForkPoolWorker-9:
Traceback (most recent call last):
  File "/home/ricky/anaconda3/lib/python3.7/multiprocessing/pool.py", line 127, in worker
    put((job, i, result))
  File "/home/ricky/anaconda3/lib/python3.7/multiprocessing/queues.py", line 364, in put
    self._writer.send_bytes(obj)
  File "/home/ricky/anaconda3/lib/python3.7/multiprocessing/connection.py", line 200, in send_bytes
    self._send_bytes(m[offset:offset + size])
  File "/home/ricky/anaconda3/lib/python3.7/multiprocessing/connection.py", line 397, in _send_bytes
    self._send(header)
  File "/home/ricky/anaconda3/lib/python3.7/multiprocessing/connection.py", line 368, in _send
    n = write(self._handle, buf)
BrokenPipeError: [Errno 32] Broken pipe

During handling of the above exception, another exception occurred:

Traceback (most recent call last):
  File "/home/ricky/anaconda3/lib/python3.7/multiprocessing/process.py", line 297, in _bootstrap
    self.run()
  File "/home/ricky/anaconda3/lib/python3.7/multiprocessing/process.py", line 99, in run
    self._target(*self._args, **self._kwargs)
  File "/home/ricky/anaconda3/lib/python3.7/multiprocessing/pool.py", line 132, in worker
    put((job, i, (False, wrapped)))
  File "/home/ricky/anaconda3/lib/python3.7/multiprocessing/queues.py", line 364, in put
    self._writer.send_bytes(obj)
  File "/home/ricky/anaconda3/lib/python3.7/multiprocessing/connection.py", line 200, in send_bytes
    self._send_bytes(m[offset:offset + size])
  File "/home/ricky/anaconda3/lib/python3.7/multiprocessing/connection.py", line 404, in _send_bytes
    self._send(header + buf)
  File "/home/ricky/anaconda3/lib/python3.7/multiprocessing/connection.py", line 368, in _send
    n = write(self._handle, buf)
BrokenPipeError: [Errno 32] Broken pipe
Process ForkPoolWorker-11:
Traceback (most recent call last):
  File "/home/ricky/anaconda3/lib/python3.7/multiprocessing/pool.py", line 127, in worker
    put((job, i, result))
  File "/home/ricky/anaconda3/lib/python3.7/multiprocessing/queues.py", line 364, in put
    self._writer.send_bytes(obj)
  File "/home/ricky/anaconda3/lib/python3.7/multiprocessing/connection.py", line 200, in send_bytes
    self._send_bytes(m[offset:offset + size])
  File "/home/ricky/anaconda3/lib/python3.7/multiprocessing/connection.py", line 397, in _send_bytes
    self._send(header)
  File "/home/ricky/anaconda3/lib/python3.7/multiprocessing/connection.py", line 368, in _send
    n = write(self._handle, buf)
BrokenPipeError: [Errno 32] Broken pipe

During handling of the above exception, another exception occurred:

Traceback (most recent call last):
  File "/home/ricky/anaconda3/lib/python3.7/multiprocessing/process.py", line 297, in _bootstrap
    self.run()
  File "/home/ricky/anaconda3/lib/python3.7/multiprocessing/process.py", line 99, in run
    self._target(*self._args, **self._kwargs)
  File "/home/ricky/anaconda3/lib/python3.7/multiprocessing/pool.py", line 132, in worker
    put((job, i, (False, wrapped)))
  File "/home/ricky/anaconda3/lib/python3.7/multiprocessing/queues.py", line 364, in put
    self._writer.send_bytes(obj)
  File "/home/ricky/anaconda3/lib/python3.7/multiprocessing/connection.py", line 200, in send_bytes
    self._send_bytes(m[offset:offset + size])
  File "/home/ricky/anaconda3/lib/python3.7/multiprocessing/connection.py", line 404, in _send_bytes
    self._send(header + buf)
  File "/home/ricky/anaconda3/lib/python3.7/multiprocessing/connection.py", line 368, in _send
    n = write(self._handle, buf)
BrokenPipeError: [Errno 32] Broken pipe
Process ForkPoolWorker-15:
Traceback (most recent call last):
  File "/home/ricky/anaconda3/lib/python3.7/multiprocessing/pool.py", line 127, in worker
    put((job, i, result))
  File "/home/ricky/anaconda3/lib/python3.7/multiprocessing/queues.py", line 364, in put
    self._writer.send_bytes(obj)
  File "/home/ricky/anaconda3/lib/python3.7/multiprocessing/connection.py", line 200, in send_bytes
    self._send_bytes(m[offset:offset + size])
  File "/home/ricky/anaconda3/lib/python3.7/multiprocessing/connection.py", line 397, in _send_bytes
    self._send(header)
  File "/home/ricky/anaconda3/lib/python3.7/multiprocessing/connection.py", line 368, in _send
    n = write(self._handle, buf)
BrokenPipeError: [Errno 32] Broken pipe

During handling of the above exception, another exception occurred:

Traceback (most recent call last):
  File "/home/ricky/anaconda3/lib/python3.7/multiprocessing/process.py", line 297, in _bootstrap
    self.run()
  File "/home/ricky/anaconda3/lib/python3.7/multiprocessing/process.py", line 99, in run
    self._target(*self._args, **self._kwargs)
  File "/home/ricky/anaconda3/lib/python3.7/multiprocessing/pool.py", line 132, in worker
    put((job, i, (False, wrapped)))
  File "/home/ricky/anaconda3/lib/python3.7/multiprocessing/queues.py", line 364, in put
    self._writer.send_bytes(obj)
  File "/home/ricky/anaconda3/lib/python3.7/multiprocessing/connection.py", line 200, in send_bytes
    self._send_bytes(m[offset:offset + size])
  File "/home/ricky/anaconda3/lib/python3.7/multiprocessing/connection.py", line 404, in _send_bytes
    self._send(header + buf)
  File "/home/ricky/anaconda3/lib/python3.7/multiprocessing/connection.py", line 368, in _send
    n = write(self._handle, buf)
BrokenPipeError: [Errno 32] Broken pipe
Process ForkPoolWorker-16:
Traceback (most recent call last):
  File "/home/ricky/anaconda3/lib/python3.7/multiprocessing/pool.py", line 127, in worker
    put((job, i, result))
  File "/home/ricky/anaconda3/lib/python3.7/multiprocessing/queues.py", line 364, in put
    self._writer.send_bytes(obj)
  File "/home/ricky/anaconda3/lib/python3.7/multiprocessing/connection.py", line 200, in send_bytes
    self._send_bytes(m[offset:offset + size])
  File "/home/ricky/anaconda3/lib/python3.7/multiprocessing/connection.py", line 397, in _send_bytes
    self._send(header)
  File "/home/ricky/anaconda3/lib/python3.7/multiprocessing/connection.py", line 368, in _send
    n = write(self._handle, buf)
BrokenPipeError: [Errno 32] Broken pipe

During handling of the above exception, another exception occurred:

Traceback (most recent call last):
  File "/home/ricky/anaconda3/lib/python3.7/multiprocessing/process.py", line 297, in _bootstrap
    self.run()
  File "/home/ricky/anaconda3/lib/python3.7/multiprocessing/process.py", line 99, in run
    self._target(*self._args, **self._kwargs)
  File "/home/ricky/anaconda3/lib/python3.7/multiprocessing/pool.py", line 132, in worker
    put((job, i, (False, wrapped)))
  File "/home/ricky/anaconda3/lib/python3.7/multiprocessing/queues.py", line 364, in put
    self._writer.send_bytes(obj)
  File "/home/ricky/anaconda3/lib/python3.7/multiprocessing/connection.py", line 200, in send_bytes
    self._send_bytes(m[offset:offset + size])
  File "/home/ricky/anaconda3/lib/python3.7/multiprocessing/connection.py", line 404, in _send_bytes
    self._send(header + buf)
  File "/home/ricky/anaconda3/lib/python3.7/multiprocessing/connection.py", line 368, in _send
    n = write(self._handle, buf)
BrokenPipeError: [Errno 32] Broken pipe
Process ForkPoolWorker-6:
Traceback (most recent call last):
  File "/home/ricky/anaconda3/lib/python3.7/multiprocessing/pool.py", line 127, in worker
    put((job, i, result))
  File "/home/ricky/anaconda3/lib/python3.7/multiprocessing/queues.py", line 364, in put
    self._writer.send_bytes(obj)
  File "/home/ricky/anaconda3/lib/python3.7/multiprocessing/connection.py", line 200, in send_bytes
    self._send_bytes(m[offset:offset + size])
  File "/home/ricky/anaconda3/lib/python3.7/multiprocessing/connection.py", line 397, in _send_bytes
    self._send(header)
  File "/home/ricky/anaconda3/lib/python3.7/multiprocessing/connection.py", line 368, in _send
    n = write(self._handle, buf)
BrokenPipeError: [Errno 32] Broken pipe

During handling of the above exception, another exception occurred:

Traceback (most recent call last):
  File "/home/ricky/anaconda3/lib/python3.7/multiprocessing/process.py", line 297, in _bootstrap
    self.run()
  File "/home/ricky/anaconda3/lib/python3.7/multiprocessing/process.py", line 99, in run
    self._target(*self._args, **self._kwargs)
  File "/home/ricky/anaconda3/lib/python3.7/multiprocessing/pool.py", line 132, in worker
    put((job, i, (False, wrapped)))
  File "/home/ricky/anaconda3/lib/python3.7/multiprocessing/queues.py", line 364, in put
    self._writer.send_bytes(obj)
  File "/home/ricky/anaconda3/lib/python3.7/multiprocessing/connection.py", line 200, in send_bytes
    self._send_bytes(m[offset:offset + size])
  File "/home/ricky/anaconda3/lib/python3.7/multiprocessing/connection.py", line 404, in _send_bytes
    self._send(header + buf)
  File "/home/ricky/anaconda3/lib/python3.7/multiprocessing/connection.py", line 368, in _send
    n = write(self._handle, buf)
BrokenPipeError: [Errno 32] Broken pipe
Process ForkPoolWorker-14:
Traceback (most recent call last):
  File "/home/ricky/anaconda3/lib/python3.7/multiprocessing/pool.py", line 127, in worker
    put((job, i, result))
  File "/home/ricky/anaconda3/lib/python3.7/multiprocessing/queues.py", line 364, in put
    self._writer.send_bytes(obj)
  File "/home/ricky/anaconda3/lib/python3.7/multiprocessing/connection.py", line 200, in send_bytes
    self._send_bytes(m[offset:offset + size])
  File "/home/ricky/anaconda3/lib/python3.7/multiprocessing/connection.py", line 397, in _send_bytes
    self._send(header)
  File "/home/ricky/anaconda3/lib/python3.7/multiprocessing/connection.py", line 368, in _send
    n = write(self._handle, buf)
BrokenPipeError: [Errno 32] Broken pipe

During handling of the above exception, another exception occurred:

Traceback (most recent call last):
  File "/home/ricky/anaconda3/lib/python3.7/multiprocessing/process.py", line 297, in _bootstrap
    self.run()
  File "/home/ricky/anaconda3/lib/python3.7/multiprocessing/process.py", line 99, in run
    self._target(*self._args, **self._kwargs)
  File "/home/ricky/anaconda3/lib/python3.7/multiprocessing/pool.py", line 132, in worker
    put((job, i, (False, wrapped)))
  File "/home/ricky/anaconda3/lib/python3.7/multiprocessing/queues.py", line 364, in put
    self._writer.send_bytes(obj)
  File "/home/ricky/anaconda3/lib/python3.7/multiprocessing/connection.py", line 200, in send_bytes
    self._send_bytes(m[offset:offset + size])
  File "/home/ricky/anaconda3/lib/python3.7/multiprocessing/connection.py", line 404, in _send_bytes
    self._send(header + buf)
  File "/home/ricky/anaconda3/lib/python3.7/multiprocessing/connection.py", line 368, in _send
    n = write(self._handle, buf)
BrokenPipeError: [Errno 32] Broken pipe
Process ForkPoolWorker-10:
Traceback (most recent call last):
  File "/home/ricky/anaconda3/lib/python3.7/multiprocessing/pool.py", line 127, in worker
    put((job, i, result))
  File "/home/ricky/anaconda3/lib/python3.7/multiprocessing/queues.py", line 364, in put
    self._writer.send_bytes(obj)
  File "/home/ricky/anaconda3/lib/python3.7/multiprocessing/connection.py", line 200, in send_bytes
    self._send_bytes(m[offset:offset + size])
  File "/home/ricky/anaconda3/lib/python3.7/multiprocessing/connection.py", line 397, in _send_bytes
    self._send(header)
  File "/home/ricky/anaconda3/lib/python3.7/multiprocessing/connection.py", line 368, in _send
    n = write(self._handle, buf)
BrokenPipeError: [Errno 32] Broken pipe

During handling of the above exception, another exception occurred:

Traceback (most recent call last):
  File "/home/ricky/anaconda3/lib/python3.7/multiprocessing/process.py", line 297, in _bootstrap
    self.run()
  File "/home/ricky/anaconda3/lib/python3.7/multiprocessing/process.py", line 99, in run
    self._target(*self._args, **self._kwargs)
  File "/home/ricky/anaconda3/lib/python3.7/multiprocessing/pool.py", line 132, in worker
    put((job, i, (False, wrapped)))
  File "/home/ricky/anaconda3/lib/python3.7/multiprocessing/queues.py", line 364, in put
    self._writer.send_bytes(obj)
  File "/home/ricky/anaconda3/lib/python3.7/multiprocessing/connection.py", line 200, in send_bytes
    self._send_bytes(m[offset:offset + size])
  File "/home/ricky/anaconda3/lib/python3.7/multiprocessing/connection.py", line 404, in _send_bytes
    self._send(header + buf)
  File "/home/ricky/anaconda3/lib/python3.7/multiprocessing/connection.py", line 368, in _send
    n = write(self._handle, buf)
BrokenPipeError: [Errno 32] Broken pipe
Process ForkPoolWorker-12:
Traceback (most recent call last):
  File "/home/ricky/anaconda3/lib/python3.7/multiprocessing/pool.py", line 127, in worker
    put((job, i, result))
  File "/home/ricky/anaconda3/lib/python3.7/multiprocessing/queues.py", line 364, in put
    self._writer.send_bytes(obj)
  File "/home/ricky/anaconda3/lib/python3.7/multiprocessing/connection.py", line 200, in send_bytes
    self._send_bytes(m[offset:offset + size])
  File "/home/ricky/anaconda3/lib/python3.7/multiprocessing/connection.py", line 397, in _send_bytes
    self._send(header)
  File "/home/ricky/anaconda3/lib/python3.7/multiprocessing/connection.py", line 368, in _send
    n = write(self._handle, buf)
BrokenPipeError: [Errno 32] Broken pipe

During handling of the above exception, another exception occurred:

Traceback (most recent call last):
  File "/home/ricky/anaconda3/lib/python3.7/multiprocessing/process.py", line 297, in _bootstrap
    self.run()
  File "/home/ricky/anaconda3/lib/python3.7/multiprocessing/process.py", line 99, in run
    self._target(*self._args, **self._kwargs)
  File "/home/ricky/anaconda3/lib/python3.7/multiprocessing/pool.py", line 132, in worker
    put((job, i, (False, wrapped)))
  File "/home/ricky/anaconda3/lib/python3.7/multiprocessing/queues.py", line 364, in put
    self._writer.send_bytes(obj)
  File "/home/ricky/anaconda3/lib/python3.7/multiprocessing/connection.py", line 200, in send_bytes
    self._send_bytes(m[offset:offset + size])
  File "/home/ricky/anaconda3/lib/python3.7/multiprocessing/connection.py", line 404, in _send_bytes
    self._send(header + buf)
  File "/home/ricky/anaconda3/lib/python3.7/multiprocessing/connection.py", line 368, in _send
    n = write(self._handle, buf)
BrokenPipeError: [Errno 32] Broken pipe
Process ForkPoolWorker-4:
Traceback (most recent call last):
  File "/home/ricky/anaconda3/lib/python3.7/multiprocessing/pool.py", line 127, in worker
    put((job, i, result))
  File "/home/ricky/anaconda3/lib/python3.7/multiprocessing/queues.py", line 364, in put
    self._writer.send_bytes(obj)
  File "/home/ricky/anaconda3/lib/python3.7/multiprocessing/connection.py", line 200, in send_bytes
    self._send_bytes(m[offset:offset + size])
  File "/home/ricky/anaconda3/lib/python3.7/multiprocessing/connection.py", line 397, in _send_bytes
    self._send(header)
  File "/home/ricky/anaconda3/lib/python3.7/multiprocessing/connection.py", line 368, in _send
    n = write(self._handle, buf)
BrokenPipeError: [Errno 32] Broken pipe

During handling of the above exception, another exception occurred:

Traceback (most recent call last):
  File "/home/ricky/anaconda3/lib/python3.7/multiprocessing/process.py", line 297, in _bootstrap
    self.run()
  File "/home/ricky/anaconda3/lib/python3.7/multiprocessing/process.py", line 99, in run
    self._target(*self._args, **self._kwargs)
  File "/home/ricky/anaconda3/lib/python3.7/multiprocessing/pool.py", line 132, in worker
    put((job, i, (False, wrapped)))
  File "/home/ricky/anaconda3/lib/python3.7/multiprocessing/queues.py", line 364, in put
    self._writer.send_bytes(obj)
  File "/home/ricky/anaconda3/lib/python3.7/multiprocessing/connection.py", line 200, in send_bytes
    self._send_bytes(m[offset:offset + size])
  File "/home/ricky/anaconda3/lib/python3.7/multiprocessing/connection.py", line 404, in _send_bytes
    self._send(header + buf)
  File "/home/ricky/anaconda3/lib/python3.7/multiprocessing/connection.py", line 368, in _send
    n = write(self._handle, buf)
BrokenPipeError: [Errno 32] Broken pipe
Process ForkPoolWorker-5:
Traceback (most recent call last):
  File "/home/ricky/anaconda3/lib/python3.7/multiprocessing/pool.py", line 127, in worker
    put((job, i, result))
  File "/home/ricky/anaconda3/lib/python3.7/multiprocessing/queues.py", line 364, in put
    self._writer.send_bytes(obj)
  File "/home/ricky/anaconda3/lib/python3.7/multiprocessing/connection.py", line 200, in send_bytes
    self._send_bytes(m[offset:offset + size])
  File "/home/ricky/anaconda3/lib/python3.7/multiprocessing/connection.py", line 397, in _send_bytes
    self._send(header)
  File "/home/ricky/anaconda3/lib/python3.7/multiprocessing/connection.py", line 368, in _send
    n = write(self._handle, buf)
BrokenPipeError: [Errno 32] Broken pipe

During handling of the above exception, another exception occurred:

Traceback (most recent call last):
  File "/home/ricky/anaconda3/lib/python3.7/multiprocessing/process.py", line 297, in _bootstrap
    self.run()
  File "/home/ricky/anaconda3/lib/python3.7/multiprocessing/process.py", line 99, in run
    self._target(*self._args, **self._kwargs)
  File "/home/ricky/anaconda3/lib/python3.7/multiprocessing/pool.py", line 132, in worker
    put((job, i, (False, wrapped)))
  File "/home/ricky/anaconda3/lib/python3.7/multiprocessing/queues.py", line 364, in put
    self._writer.send_bytes(obj)
  File "/home/ricky/anaconda3/lib/python3.7/multiprocessing/connection.py", line 200, in send_bytes
    self._send_bytes(m[offset:offset + size])
  File "/home/ricky/anaconda3/lib/python3.7/multiprocessing/connection.py", line 404, in _send_bytes
    self._send(header + buf)
  File "/home/ricky/anaconda3/lib/python3.7/multiprocessing/connection.py", line 368, in _send
    n = write(self._handle, buf)
BrokenPipeError: [Errno 32] Broken pipe
Process ForkPoolWorker-8:
Traceback (most recent call last):
  File "/home/ricky/anaconda3/lib/python3.7/multiprocessing/pool.py", line 127, in worker
    put((job, i, result))
  File "/home/ricky/anaconda3/lib/python3.7/multiprocessing/queues.py", line 364, in put
    self._writer.send_bytes(obj)
  File "/home/ricky/anaconda3/lib/python3.7/multiprocessing/connection.py", line 200, in send_bytes
    self._send_bytes(m[offset:offset + size])
  File "/home/ricky/anaconda3/lib/python3.7/multiprocessing/connection.py", line 397, in _send_bytes
    self._send(header)
  File "/home/ricky/anaconda3/lib/python3.7/multiprocessing/connection.py", line 368, in _send
    n = write(self._handle, buf)
BrokenPipeError: [Errno 32] Broken pipe

During handling of the above exception, another exception occurred:

Traceback (most recent call last):
  File "/home/ricky/anaconda3/lib/python3.7/multiprocessing/process.py", line 297, in _bootstrap
    self.run()
  File "/home/ricky/anaconda3/lib/python3.7/multiprocessing/process.py", line 99, in run
    self._target(*self._args, **self._kwargs)
  File "/home/ricky/anaconda3/lib/python3.7/multiprocessing/pool.py", line 132, in worker
    put((job, i, (False, wrapped)))
  File "/home/ricky/anaconda3/lib/python3.7/multiprocessing/queues.py", line 364, in put
    self._writer.send_bytes(obj)
  File "/home/ricky/anaconda3/lib/python3.7/multiprocessing/connection.py", line 200, in send_bytes
    self._send_bytes(m[offset:offset + size])
  File "/home/ricky/anaconda3/lib/python3.7/multiprocessing/connection.py", line 404, in _send_bytes
    self._send(header + buf)
  File "/home/ricky/anaconda3/lib/python3.7/multiprocessing/connection.py", line 368, in _send
    n = write(self._handle, buf)
BrokenPipeError: [Errno 32] Broken pipe
